
 Ansys Mechanical Enterprise Academic Student      


 *------------------------------------------------------------------*
 |                                                                  |
 |   W E L C O M E   T O   T H E   A N S Y S (R)  P R O G R A M     |
 |                                                                  |
 *------------------------------------------------------------------*




 ***************************************************************
 *         ANSYS MAPDL 2025 R2          LEGAL NOTICES          *
 ***************************************************************
 *                                                             *
 * Copyright 1971-2025 Ansys, Inc.  All rights reserved.       *
 * Unauthorized use, distribution or duplication is            *
 * prohibited.                                                 *
 *                                                             *
 * Ansys is a registered trademark of Ansys, Inc. or its       *
 * subsidiaries in the United States or other countries.       *
 * See the Ansys, Inc. online documentation or the Ansys, Inc. *
 * documentation CD or online help for the complete Legal      *
 * Notice.                                                     *
 *                                                             *
 ***************************************************************
 *                                                             *
 * THIS ANSYS SOFTWARE PRODUCT AND PROGRAM DOCUMENTATION       *
 * INCLUDE TRADE SECRETS AND CONFIDENTIAL AND PROPRIETARY      *
 * PRODUCTS OF ANSYS, INC., ITS SUBSIDIARIES, OR LICENSORS.    *
 * The software products and documentation are furnished by    *
 * Ansys, Inc. or its subsidiaries under a software license    *
 * agreement that contains provisions concerning               *
 * non-disclosure, copying, length and nature of use,          *
 * compliance with exporting laws, warranties, disclaimers,    *
 * limitations of liability, and remedies, and other           *
 * provisions.  The software products and documentation may be *
 * used, disclosed, transferred, or copied only in accordance  *
 * with the terms and conditions of that software license      *
 * agreement.                                                  *
 *                                                             *
 * Ansys, Inc. is a UL registered                              *
 * ISO 9001:2015 company.                                      *
 *                                                             *
 ***************************************************************
 *                                                             *
 * This product is subject to U.S. laws governing export and   *
 * re-export.                                                  *
 *                                                             *
 * For U.S. Government users, except as specifically granted   *
 * by the Ansys, Inc. software license agreement, the use,     *
 * duplication, or disclosure by the United States Government  *
 * is subject to restrictions stated in the Ansys, Inc.        *
 * software license agreement and FAR 12.212 (for non-DOD      *
 * licenses).                                                  *
 *                                                             *
 ***************************************************************

 2025 R2 
     
 Point Releases and Patches installed:   
     
 Discovery 2025 R2   
 Core WB Files 2025 R2   
 optiSLang 2025 R2   
 CFX (includes CFD-Post) 2025 R2 
 Chemkin 2025 R2 
 EnSight 2025 R2 
 FENSAP-ICE 2025 R2  
 Fluent (includes CFD-Post) 2025 R2  
 Polyflow (includes CFD-Post) 2025 R2
 Forte (includes EnSight) 2025 R2
 Rocky 2025 R2   
 TurboGrid 2025 R2   
 ACIS Geometry Interface 2025 R2 
 AutoCAD Geometry Interface 2025 R2  
 Catia, Version 4 Geometry Interface 2025 R2 
 Catia, Version 5 Geometry Interface 2025 R2 
 Catia, Version 6 Geometry Interface 2025 R2 
 Creo Elements/Direct Modeling Geometry Interface 2025 R2
 Creo Parametric Geometry Interface 2025 R2  
 Inventor Geometry Interface 2025 R2 
 JTOpen Geometry Interface 2025 R2   
 NX Geometry Interface 2025 R2   
 Parasolid Geometry Interface  2025 R2   
 Solid Edge Geometry Interface 2025 R2   
 SOLIDWORKS Geometry Interface 2025 R2   
 Speos 2025 R2   
 SpaceClaim 2025 R2  
 Speos RPC 2025 R2   
 Zemax OpticStudio 2025 R2   
 Dynamic Reporting 2025 R2   
 Aqwa 2025 R2
 Autodyn 2025 R2 
 Material Calibration App 2025 R2
 Mechanical Products 2025 R2 
 Motion 2025 R2  
 Academic Student 2025 R2


          *****  MAPDL COMMAND LINE ARGUMENTS  *****
  BATCH MODE REQUESTED (-b)    = NOLIST
  INPUT FILE COPY MODE (-c)    = COPY
  DISTRIBUTED MEMORY PARALLEL REQUESTED
       4 PARALLEL PROCESSES REQUESTED WITH SINGLE THREAD PER PROCESS
    TOTAL OF     4 CORES REQUESTED
  INPUT FILE NAME              = D:\projects\ANSYS Projects\Thermal Analysis of a Power Electronic Heat Sink\_ProjectScratch\Scr9DD9\dummy.dat
  OUTPUT FILE NAME             = D:\projects\ANSYS Projects\Thermal Analysis of a Power Electronic Heat Sink\_ProjectScratch\Scr9DD9\solve.out
  START-UP FILE MODE           = NOREAD
  STOP FILE MODE               = NOREAD

 RELEASE= 2025 R2              BUILD= 25.2      UP20250519   VERSION=WINDOWS x64 
 CURRENT JOBNAME=file0  15:54:55  JUL 24, 2025 CP=      0.062


 PARAMETER _DS_PROGRESS =     999.0000000    

 /INPUT FILE= ds.dat  LINE=       0



 *** NOTE ***                            CP =       0.359   TIME= 15:54:56
 The /CONFIG,NOELDB command is not valid in a distributed memory         
 parallel solution.  Command is ignored.                                 

 *GET  _WALLSTRT  FROM  ACTI  ITEM=TIME WALL  VALUE=  15.9155556    

 TITLE= 
 ThermalAnalysisOfHeatSink--Static Structural (B5)                             

  ACT Extensions:
      LSDYNA, 2025.2
      5f463412-bd3e-484b-87e7-cbc0a665e474, wbex
 /COM,     ANSYSMotion, 2025.2
      20180725-3f81-49eb-9f31-41364844c769, wbex
  

 SET PARAMETER DIMENSIONS ON  _WB_PROJECTSCRATCH_DIR
  TYPE=STRI  DIMENSIONS=      248        1        1

 PARAMETER _WB_PROJECTSCRATCH_DIR(1) = D:\projects\ANSYS Projects\Thermal Analysis of a Power Electronic Heat Sink\_ProjectScratch\Scr9DD9\

 SET PARAMETER DIMENSIONS ON  _WB_SOLVERFILES_DIR
  TYPE=STRI  DIMENSIONS=      248        1        1

 PARAMETER _WB_SOLVERFILES_DIR(1) = D:\projects\ANSYS Projects\Thermal Analysis of a Power Electronic Heat Sink\ThermalAnalysisOfHeatSink_files\dp0\SYS-2\MECH\

 SET PARAMETER DIMENSIONS ON  _WB_USERFILES_DIR
  TYPE=STRI  DIMENSIONS=      248        1        1

 PARAMETER _WB_USERFILES_DIR(1) = D:\projects\ANSYS Projects\Thermal Analysis of a Power Electronic Heat Sink\ThermalAnalysisOfHeatSink_files\user_files\
 --- Data in consistent MKS units. See Solving Units in the help system for more

 MKS UNITS SPECIFIED FOR INTERNAL    
  LENGTH        (l)  = METER (M)
  MASS          (M)  = KILOGRAM (KG)
  TIME          (t)  = SECOND (SEC)
  TEMPERATURE   (T)  = CELSIUS (C)
  TOFFSET            = 273.0
  CHARGE        (Q)  = COULOMB
  FORCE         (f)  = NEWTON (N) (KG-M/SEC2)
  HEAT               = JOULE (N-M)

  PRESSURE           = PASCAL (NEWTON/M**2)
  ENERGY        (W)  = JOULE (N-M)
  POWER         (P)  = WATT (N-M/SEC)
  CURRENT       (i)  = AMPERE (COULOMBS/SEC)
  CAPACITANCE   (C)  = FARAD
  INDUCTANCE    (L)  = HENRY
  MAGNETIC FLUX      = WEBER
  RESISTANCE    (R)  = OHM
  ELECTRIC POTENTIAL = VOLT

 INPUT  UNITS ARE ALSO SET TO MKS 

 *** MAPDL - ENGINEERING ANALYSIS SYSTEM  RELEASE 2025 R2          25.2     ***
 Ansys Mechanical Enterprise Academic Student      
 01055371  VERSION=WINDOWS x64   15:54:56  JUL 24, 2025 CP=      0.375

 ThermalAnalysisOfHeatSink--Static Structural (B5)                             



          ***** MAPDL ANALYSIS DEFINITION (PREP7) *****
 *********** Send User Defined Coordinate System(s) ***********
 *********** Nodes for the whole assembly ***********
 *********** Elements for Body 1 'HeatSink\Solid' ***********
 *********** Set Reference Temperature ***********
 *********** Send Materials ***********
 *********** Fixed Supports ***********


 ***** ROUTINE COMPLETED *****  CP =         0.875


 --- Number of total nodes = 36490
 --- Number of contact elements = 0
 --- Number of spring elements = 0
 --- Number of bearing elements = 0
 --- Number of solid elements = 19832
 --- Number of condensed parts = 0
 --- Number of total elements = 19832

 *GET  _WALLBSOL  FROM  ACTI  ITEM=TIME WALL  VALUE=  15.9155556    
 ****************************************************************************
 *************************    SOLUTION       ********************************
 ****************************************************************************

 *****  MAPDL SOLUTION ROUTINE  *****


 PERFORM A STATIC ANALYSIS
  THIS WILL BE A NEW ANALYSIS

 PARAMETER _THICKRATIO =     0.000000000    

 USE SPARSE MATRIX DIRECT SOLVER

 CONTACT INFORMATION PRINTOUT LEVEL       1

 CHECK INITIAL OPEN/CLOSED STATUS OF SELECTED CONTACT ELEMENTS
      AND LIST DETAILED CONTACT PAIR INFORMATION

 SPLIT CONTACT SURFACES AT SOLVE PHASE

    NUMBER OF SPLITTING TBD BY PROGRAM

 DO NOT COMBINE ELEMENT MATRIX FILES (.emat) AFTER DISTRIBUTED PARALLEL SOLUTION

 DO NOT COMBINE ELEMENT SAVE DATA FILES (.esav) AFTER DISTRIBUTED PARALLEL SOLUTION

 NLDIAG: Nonlinear diagnostics CONT option is set to ON. 
         Writing frequency : each ITERATION.

 DO NOT SAVE ANY RESTART FILES AT ALL
 ****************************************************
 ******************* SOLVE FOR LS 1 OF 1 ****************
 *********** Create Imported Load "Imported Body Temperature" ***********

 PRINTOUT RESUMED BY /GOP

 PRINTOUT RESUMED BY /GOP

 USE       1 SUBSTEPS INITIALLY THIS LOAD STEP FOR ALL  DEGREES OF FREEDOM
 FOR AUTOMATIC TIME STEPPING:
   USE      1 SUBSTEPS AS A MAXIMUM
   USE      1 SUBSTEPS AS A MINIMUM

 TIME=  1.0000    

 ERASE THE CURRENT DATABASE OUTPUT CONTROL TABLE.


 WRITE ALL  ITEMS TO THE DATABASE WITH A FREQUENCY OF NONE
   FOR ALL APPLICABLE ENTITIES

 WRITE NSOL ITEMS TO THE DATABASE WITH A FREQUENCY OF ALL 
   FOR ALL APPLICABLE ENTITIES

 WRITE RSOL ITEMS TO THE DATABASE WITH A FREQUENCY OF ALL 
   FOR ALL APPLICABLE ENTITIES

 WRITE EANG ITEMS TO THE DATABASE WITH A FREQUENCY OF ALL 
   FOR ALL APPLICABLE ENTITIES

 WRITE ETMP ITEMS TO THE DATABASE WITH A FREQUENCY OF ALL 
   FOR ALL APPLICABLE ENTITIES

 WRITE VENG ITEMS TO THE DATABASE WITH A FREQUENCY OF ALL 
   FOR ALL APPLICABLE ENTITIES

 WRITE STRS ITEMS TO THE DATABASE WITH A FREQUENCY OF ALL 
   FOR ALL APPLICABLE ENTITIES

 WRITE EPEL ITEMS TO THE DATABASE WITH A FREQUENCY OF ALL 
   FOR ALL APPLICABLE ENTITIES

 WRITE EPPL ITEMS TO THE DATABASE WITH A FREQUENCY OF ALL 
   FOR ALL APPLICABLE ENTITIES

 WRITE EPTH ITEMS TO THE DATABASE WITH A FREQUENCY OF ALL 
   FOR ALL APPLICABLE ENTITIES

 WRITE CONT ITEMS TO THE DATABASE WITH A FREQUENCY OF ALL 
   FOR ALL APPLICABLE ENTITIES

 *GET  ANSINTER_  FROM  ACTI  ITEM=INT        VALUE=  0.00000000    

 *IF  ANSINTER_  ( =   0.00000     )  NE  
      0  ( =   0.00000     )  THEN    

 *ENDIF

 *** NOTE ***                            CP =       1.359   TIME= 15:54:56
 The automatic domain decomposition logic has selected the MESH domain   
 decomposition method with 4 processes per solution.                     

 *****  MAPDL SOLVE    COMMAND  *****

 *** WARNING ***                         CP =       1.609   TIME= 15:54:56
 Element shape checking is currently inactive.  Issue SHPP,ON or         
 SHPP,WARN to reactivate, if desired.                                    

 *** NOTE ***                            CP =       1.734   TIME= 15:54:56
 The model data was checked and warning messages were found.             
  Please review output or errors file ( D:\projects\ANSYS                
 Projects\Thermal Analysis of a Power Electronic Heat                    
 Sink\_ProjectScratch\Scr9DD9\file0.err ) for these warning messages.    

 *** SELECTION OF ELEMENT TECHNOLOGIES FOR APPLICABLE ELEMENTS ***
      --- GIVE SUGGESTIONS AND RESET THE KEY OPTIONS ---

 ELEMENT TYPE         1 IS SOLID187. IT IS NOT ASSOCIATED WITH FULLY INCOMPRESSIBLE
 HYPERELASTIC MATERIALS. NO SUGGESTION IS AVAILABLE AND NO RESETTING IS NEEDED.



 *** MAPDL - ENGINEERING ANALYSIS SYSTEM  RELEASE 2025 R2          25.2     ***
 Ansys Mechanical Enterprise Academic Student      
 01055371  VERSION=WINDOWS x64   15:54:56  JUL 24, 2025 CP=      1.734

 ThermalAnalysisOfHeatSink--Static Structural (B5)                             



                       S O L U T I O N   O P T I O N S

   PROBLEM DIMENSIONALITY. . . . . . . . . . . . .3-D                  
   DEGREES OF FREEDOM. . . . . . UX   UY   UZ  
   ANALYSIS TYPE . . . . . . . . . . . . . . . . .STATIC (STEADY-STATE)
   OFFSET TEMPERATURE FROM ABSOLUTE ZERO . . . . .  273.15    
   EQUATION SOLVER OPTION. . . . . . . . . . . . .SPARSE             
   GLOBALLY ASSEMBLED MATRIX . . . . . . . . . . .SYMMETRIC  

 *** NOTE ***                            CP =       1.797   TIME= 15:54:56
 The conditions for direct assembly have been met.  No .emat or .erot    
 files will be produced.                                                 

  
  
     D I S T R I B U T E D   D O M A I N   D E C O M P O S E R
  
  ...Number of elements: 19832
  ...Number of nodes:    36490
  ...Decompose to 4 CPU domains
  ...Element load balance ratio =     1.000


                      L O A D   S T E P   O P T I O N S

   LOAD STEP NUMBER. . . . . . . . . . . . . . . .     1
   TIME AT END OF THE LOAD STEP. . . . . . . . . .  1.0000    
   NUMBER OF SUBSTEPS. . . . . . . . . . . . . . .     1
   STEP CHANGE BOUNDARY CONDITIONS . . . . . . . .    NO
   PRINT OUTPUT CONTROLS . . . . . . . . . . . . .NO PRINTOUT
   DATABASE OUTPUT CONTROLS
      ITEM     FREQUENCY   COMPONENT
       ALL       NONE               
      NSOL        ALL               
      RSOL        ALL               
      EANG        ALL               
      ETMP        ALL               
      VENG        ALL               
      STRS        ALL               
      EPEL        ALL               
      EPPL        ALL               
      EPTH        ALL               
      CONT        ALL               


 SOLUTION MONITORING INFO IS WRITTEN TO FILE= file.mntr                                                                                                                                                                                                                                                           



                         ***********  PRECISE MASS SUMMARY  ***********

   TOTAL RIGID BODY MASS MATRIX ABOUT ORIGIN
               Translational mass               |   Coupled translational/rotational mass
        0.67550        0.0000        0.0000     |     0.0000       0.23684E-01  -0.14021E-05
         0.0000       0.67550        0.0000     |   -0.23684E-01    0.0000       0.27245E-08
         0.0000        0.0000       0.67550     |    0.14021E-05  -0.27245E-08    0.0000    
     ------------------------------------------ | ------------------------------------------
                                                |         Rotational mass (inertia)
                                                |    0.13194E-02  -0.26305E-10  -0.10660E-10
                                                |   -0.26305E-10   0.19498E-02  -0.34953E-08
                                                |   -0.10660E-10  -0.34953E-08   0.91178E-03

   TOTAL MASS = 0.67550    
     The mass principal axes coincide with the global Cartesian axes

   CENTER OF MASS (X,Y,Z)=   0.40333E-08   0.20757E-05   0.35062E-01

   TOTAL INERTIA ABOUT CENTER OF MASS
        0.48902E-03  -0.26300E-10   0.84864E-10
       -0.26300E-10   0.11194E-02   0.45665E-07
        0.84864E-10   0.45665E-07   0.91178E-03
     The inertia principal axes coincide with the global Cartesian axes


  *** MASS SUMMARY BY ELEMENT TYPE ***

  TYPE      MASS
     1  0.675500    

 Range of element maximum matrix coefficients in global coordinates
 Maximum = 1.545395734E+09 at element 12137.                             
 Minimum = 113560375 at element 743.                                     

   *** ELEMENT MATRIX FORMULATION TIMES
     TYPE    NUMBER   ENAME      TOTAL CP  AVE CP

        1     19832  SOLID187      1.109   0.000056
 Time at end of element matrix formulation CP = 3.109375.                

 DISTRIBUTED SPARSE MATRIX DIRECT SOLVER.
  Number of equations =      108750,    Maximum wavefront =    207


  Memory allocated on only this MPI rank (rank     0)
  -------------------------------------------------------------------
  Equation solver memory allocated                     =   111.627 MB
  Equation solver memory required for in-core mode     =   107.189 MB
  Equation solver memory required for out-of-core mode =    53.681 MB
  Total (solver and non-solver) memory allocated       =   653.772 MB


  Total memory summed across all MPI ranks on this machines
  -------------------------------------------------------------------
  Equation solver memory allocated                     =   419.602 MB
  Equation solver memory required for in-core mode     =   403.024 MB
  Equation solver memory required for out-of-core mode =   206.018 MB
  Total (solver and non-solver) memory allocated       =  1551.215 MB

 *** NOTE ***                            CP =       3.578   TIME= 15:54:57
 The Distributed Sparse Matrix Solver is currently running in the        
 in-core memory mode.  This memory mode uses the most amount of memory   
 in order to avoid using the hard drive as much as possible, which most  
 often results in the fastest solution time.  This mode is recommended   
 if enough physical memory is present to accommodate all of the solver   
 data.                                                                   
 curEqn=  28401  totEqn=  28401 Job CP sec=      4.125
      Factor Done= 100% Factor Wall sec=      0.358 rate=       8.4 GFlops
 Distributed sparse solver maximum pivot= 1.910315502E+09 at node 19034  
 UY.                                                                     
 Distributed sparse solver minimum pivot= 2860399.24 at node 3776 UX.    
 Distributed sparse solver minimum pivot in absolute value= 2860399.24   
 at node 3776 UX.                                                        

   *** ELEMENT RESULT CALCULATION TIMES
     TYPE    NUMBER   ENAME      TOTAL CP  AVE CP

        1     19832  SOLID187      1.172   0.000059

   *** NODAL LOAD CALCULATION TIMES
     TYPE    NUMBER   ENAME      TOTAL CP  AVE CP

        1     19832  SOLID187      0.281   0.000014
 *** LOAD STEP     1   SUBSTEP     1  COMPLETED.    CUM ITER =      1
 *** TIME =   1.00000         TIME INC =   1.00000      NEW TRIANG MATRIX


 *** MAPDL BINARY FILE STATISTICS
  BUFFER SIZE USED= 16384
       13.812 MB WRITTEN ON ASSEMBLED MATRIX FILE: file0.full
        4.062 MB WRITTEN ON RESULTS FILE: file0.rst
 *************** Write FE CONNECTORS *********

 WRITE OUT CONSTRAINT EQUATIONS TO FILE= file.ce                                                                                                                                                                                                                                                             
 ****************************************************
 *************** FINISHED SOLVE FOR LS 1 *************

 *GET  _WALLASOL  FROM  ACTI  ITEM=TIME WALL  VALUE=  15.9161111    

 PRINTOUT RESUMED BY /GOP

 FINISH SOLUTION PROCESSING


 ***** ROUTINE COMPLETED *****  CP =         5.391



 *** MAPDL - ENGINEERING ANALYSIS SYSTEM  RELEASE 2025 R2          25.2     ***
 Ansys Mechanical Enterprise Academic Student      
 01055371  VERSION=WINDOWS x64   15:54:58  JUL 24, 2025 CP=      5.391

 ThermalAnalysisOfHeatSink--Static Structural (B5)                             



          ***** MAPDL RESULTS INTERPRETATION (POST1) *****

 *** NOTE ***                            CP =       5.391   TIME= 15:54:58
 Reading results into the database (SET command) will update the current 
 displacement and force boundary conditions in the database with the     
 values from the results file for that load set.  Note that any          
 subsequent solutions will use these values unless action is taken to    
 either SAVE the current values or not overwrite them (/EXIT,NOSAVE).    

 Set Encoding of XML File to:ISO-8859-1

 Set Output of XML File to:
     PARM,     ,     ,     ,     ,     ,     ,     ,     ,     ,     ,     ,
         ,     ,     ,     ,     ,     ,     ,

 DATABASE WRITTEN ON FILE  parm.xml                                                                                                                                                                                                                                                            

 EXIT THE MAPDL POST1 DATABASE PROCESSOR


 ***** ROUTINE COMPLETED *****  CP =         5.406



 PRINTOUT RESUMED BY /GOP

 *GET  _WALLDONE  FROM  ACTI  ITEM=TIME WALL  VALUE=  15.9161111    

 PARAMETER _PREPTIME =     0.000000000    

 PARAMETER _SOLVTIME =     2.000000000    

 PARAMETER _POSTTIME =     0.000000000    

 PARAMETER _TOTALTIM =     2.000000000    

 *GET  _DLBRATIO  FROM  ACTI  ITEM=SOLU DLBR  VALUE=  1.00000000    

 *GET  _COMBTIME  FROM  ACTI  ITEM=SOLU COMB  VALUE= 0.959072000E-01

 *GET  _SSMODE   FROM  ACTI  ITEM=SOLU SSMM  VALUE=  2.00000000    

 *GET  _NDOFS    FROM  ACTI  ITEM=SOLU NDOF  VALUE=  108750.000    

 *GET  _SOL_END_TIME  FROM  ACTI  ITEM=SET  TIME  VALUE=  1.00000000    

 *IF  _sol_end_time  ( =   1.00000     )  EQ  
      1.000000  ( =   1.00000     )  THEN    

 /FCLEAN COMMAND REMOVING ALL LOCAL FILES

 *ENDIF
 --- Total number of nodes = 36490
 --- Total number of elements = 19832
 --- Element load balance ratio = 1
 --- Time to combine distributed files = 9.59072E-02
 --- Sparse memory mode = 2
 --- Number of DOF = 108750

 EXIT MAPDL WITHOUT SAVING DATABASE


 NUMBER OF WARNING MESSAGES ENCOUNTERED=          1
 NUMBER OF ERROR   MESSAGES ENCOUNTERED=          0

+--------------------- M A P D L   S T A T I S T I C S ------------------------+

Release: 2025 R2            Build: 25.2       Update: UP20250519   Platform: WINDOWS x64 
Date Run: 07/24/2025   Time: 15:55     Process ID: 22376
Operating System: Windows 11  (Build: 26100)

Processor Model: AMD Ryzen 5 4600H with Radeon Graphics

Compiler: Intel(R) Fortran Compiler Classic Version 2021.9  (Build: 20230302)
          Intel(R) C/C++ Compiler Classic Version 2021.9  (Build: 20230302)
          AOCL-BLAS 5.0.1 Build 20250320

Number of machines requested            :    1
Total number of cores available         :   12
Number of physical cores available      :    6
Number of processes requested           :    4
Number of threads per process requested :    1
Total number of cores requested         :    4 (Distributed Memory Parallel)               
MPI Type: INTELMPI
MPI Version: Intel(R) MPI Library 2021.14 for Windows* OS


GPU Acceleration: Not Requested

Job Name: file0
Input File: dummy.dat

  Core                Machine Name   Working Directory
 -----------------------------------------------------
     0                 Purushottam   D:\projects\ANSYS Projects\Thermal Analysis of a Power Electronic Heat Sink\_ProjectScratch\Scr9DD9
     1                 Purushottam   D:\projects\ANSYS Projects\Thermal Analysis of a Power Electronic Heat Sink\_ProjectScratch\Scr9DD9
     2                 Purushottam   D:\projects\ANSYS Projects\Thermal Analysis of a Power Electronic Heat Sink\_ProjectScratch\Scr9DD9
     3                 Purushottam   D:\projects\ANSYS Projects\Thermal Analysis of a Power Electronic Heat Sink\_ProjectScratch\Scr9DD9
 
Latency time from master to core     1 =    2.261 microseconds
Latency time from master to core     2 =    2.264 microseconds
Latency time from master to core     3 =    2.344 microseconds
 
Communication speed from master to core     1 =  2176.01 MB/sec
Communication speed from master to core     2 =  2048.98 MB/sec
Communication speed from master to core     3 =  2567.36 MB/sec

Total CPU time for main thread                    :        3.3 seconds
Total CPU time summed for all threads             :        6.1 seconds

Elapsed time spent obtaining a license            :        0.5 seconds
Elapsed time spent pre-processing model (/PREP7)  :        0.1 seconds
Elapsed time spent solution - preprocessing       :        0.2 seconds
Elapsed time spent computing solution             :        1.9 seconds
Elapsed time spent solution - postprocessing      :        0.1 seconds
Elapsed time spent post-processing model (/POST1) :        0.0 seconds
 
Equation solver used                              :            Sparse (symmetric)
Equation solver computational rate                :       29.7 Gflops
Equation solver effective I/O rate                :        8.8 GB/sec

Sum of disk space used on all processes           :       91.9 MB

Sum of memory used on all processes               :      607.0 MB
Sum of memory allocated on all processes          :     2976.0 MB
Physical memory available                         :          7 GB
Total amount of I/O written to disk               :        0.0 GB
Total amount of I/O read from disk                :        0.0 GB

+------------------ E N D   M A P D L   S T A T I S T I C S -------------------+


 *-----------------------------------------------------------------------------*
 |                                                                             |
 |                               RUN COMPLETED                                 |
 |                                                                             |
 |-----------------------------------------------------------------------------|
 |                                                                             |
 |  Ansys MAPDL 2025 R2         Build 25.2         UP20250519    WINDOWS x64   |
 |                                                                             |
 |-----------------------------------------------------------------------------|
 |                                                                             |
 |  Database Requested(-db)     1024 MB     Scratch Memory Requested   1024 MB |
 |  Max Database Used(Master)     34 MB     Max Scratch Used(Master)    156 MB |
 |  Max Database Used(Workers)     1 MB     Max Scratch Used(Workers)   149 MB |
 |  Sum Database Used(All)        37 MB     Sum Scratch Used(All)       570 MB |
 |                                                                             |
 |-----------------------------------------------------------------------------|
 |                                                                             |
 |        CP Time      (sec) =          6.141       Time  =  15:55:04          |
 |        Elapsed Time (sec) =         12.000       Date  =  07/24/2025        |
 |                                                                             |
 *-----------------------------------------------------------------------------*
